<?xml version="1.0" encoding="UTF-8"?>
<testng-results ignored="0" total="1" passed="1" failed="0" skipped="0">
  <reporter-output>
  </reporter-output>
  <suite started-at="2023-03-29T08:48:51 IST" name="Default suite" finished-at="2023-03-29T08:48:51 IST" duration-ms="38">
    <groups>
    </groups>
    <test started-at="2023-03-29T08:48:51 IST" name="Default test" finished-at="2023-03-29T08:48:51 IST" duration-ms="38">
      <class name="TestPackage.Testing2">
        <test-method is-config="true" signature="Demo3()[pri:0, instance:TestPackage.Testing2@7c24b813]" started-at="2023-03-29T08:48:51 IST" name="Demo3" finished-at="2023-03-29T08:48:51 IST" duration-ms="8" status="PASS">
          <reporter-output>
          </reporter-output>
        </test-method> <!-- Demo3 -->
        <test-method is-config="true" signature="Demo4()[pri:0, instance:TestPackage.Testing2@7c24b813]" started-at="2023-03-29T08:48:51 IST" name="Demo4" finished-at="2023-03-29T08:48:51 IST" duration-ms="0" status="PASS">
          <reporter-output>
          </reporter-output>
        </test-method> <!-- Demo4 -->
        <test-method signature="Demo2()[pri:0, instance:TestPackage.Testing2@7c24b813]" started-at="2023-03-29T08:48:51 IST" name="Demo2" finished-at="2023-03-29T08:48:51 IST" duration-ms="5" status="PASS">
          <reporter-output>
          </reporter-output>
        </test-method> <!-- Demo2 -->
        <test-method is-config="true" signature="Demo1()[pri:0, instance:TestPackage.Testing2@7c24b813]" started-at="2023-03-29T08:48:51 IST" name="Demo1" finished-at="2023-03-29T08:48:51 IST" duration-ms="0" status="PASS">
          <reporter-output>
          </reporter-output>
        </test-method> <!-- Demo1 -->
      </class> <!-- TestPackage.Testing2 -->
    </test> <!-- Default test -->
  </suite> <!-- Default suite -->
</testng-results>
